Copyright 1986-2019 Xilinx, Inc. All Rights Reserved.
------------------------------------------------------------------------------------
| Tool Version : Vivado v.2019.2 (lin64) Build 2708876 Wed Nov  6 21:39:14 MST 2019
| Date         : Mon May  4 20:41:24 2020
| Host         : mobile-unit running 64-bit Linux Mint 19 Tara
| Command      : report_control_sets -verbose -file hexcalc_control_sets_placed.rpt
| Design       : hexcalc
| Device       : xc7a100t
------------------------------------------------------------------------------------

Control Set Information

Table of Contents
-----------------
1. Summary
2. Histogram
3. Flip-Flop Distribution
4. Detailed Control Set Information

1. Summary
----------

+----------------------------------------------------------+-------+
|                          Status                          | Count |
+----------------------------------------------------------+-------+
| Total control sets                                       |     9 |
|    Minimum number of control sets                        |     9 |
|    Addition due to synthesis replication                 |     0 |
|    Addition due to physical synthesis replication        |     0 |
| Unused register locations in slices containing registers |    28 |
+----------------------------------------------------------+-------+
* Control sets can be merged at opt_design using control_set_merge or merge_equivalent_drivers
** Run report_qor_suggestions for automated merging and remapping suggestions


2. Histogram
------------

+--------------------+-------+
|       Fanout       | Count |
+--------------------+-------+
| Total control sets |     9 |
| >= 0 to < 4        |     1 |
| >= 4 to < 6        |     5 |
| >= 6 to < 8        |     0 |
| >= 8 to < 10       |     0 |
| >= 10 to < 12      |     0 |
| >= 12 to < 14      |     0 |
| >= 14 to < 16      |     0 |
| >= 16              |     3 |
+--------------------+-------+
* Control sets can be remapped at either synth_design or opt_design


3. Flip-Flop Distribution
-------------------------

+--------------+-----------------------+------------------------+-----------------+--------------+
| Clock Enable | Synchronous Set/Reset | Asynchronous Set/Reset | Total Registers | Total Slices |
+--------------+-----------------------+------------------------+-----------------+--------------+
| No           | No                    | No                     |              25 |            7 |
| No           | No                    | Yes                    |               3 |            2 |
| No           | Yes                   | No                     |               0 |            0 |
| Yes          | No                    | No                     |              16 |            4 |
| Yes          | No                    | Yes                    |              32 |           11 |
| Yes          | Yes                   | No                     |               0 |            0 |
+--------------+-----------------------+------------------------+-----------------+--------------+


4. Detailed Control Set Information
-----------------------------------

+----------------------+------------------------+------------------+------------------+----------------+
|     Clock Signal     |      Enable Signal     | Set/Reset Signal | Slice Load Count | Bel Load Count |
+----------------------+------------------------+------------------+------------------+----------------+
|  sm_clk_BUFG         |                        | bt_clr_IBUF      |                2 |              3 |
|  samp_ck             |                        |                  |                1 |              4 |
|  samp_ck             | kp1/CV2                |                  |                1 |              4 |
|  samp_ck             | kp1/CV4                |                  |                1 |              4 |
|  samp_ck             | kp1/CV3                |                  |                1 |              4 |
|  samp_ck             | kp1/CV1                |                  |                1 |              4 |
|  sm_clk_BUFG         | kp1/pr_state_reg[1][0] | bt_clr_IBUF      |                6 |             16 |
|  sm_clk_BUFG         | kp1/E[0]               | bt_clr_IBUF      |                5 |             16 |
|  clk_50MHz_IBUF_BUFG |                        |                  |                6 |             21 |
+----------------------+------------------------+------------------+------------------+----------------+


