
*** Running vivado
    with args -log pong.vds -m64 -product Vivado -mode batch -messageDb vivado.pb -notrace -source pong.tcl


****** Vivado v2019.2 (64-bit)
  **** SW Build 2708876 on Wed Nov  6 21:39:14 MST 2019
  **** IP Build 2700528 on Thu Nov  7 00:09:20 MST 2019
    ** Copyright 1986-2019 Xilinx, Inc. All Rights Reserved.

source pong.tcl -notrace
Command: synth_design -top pong -part xc7a100tcsg324-1
Starting synth_design
Attempting to get a license for feature 'Synthesis' and/or device 'xc7a100t'
INFO: [Common 17-349] Got license for feature 'Synthesis' and/or device 'xc7a100t'
INFO: [Device 21-403] Loading part xc7a100tcsg324-1
INFO: Launching helper process for spawning children vivado processes
INFO: Helper process launched with PID 15996 
---------------------------------------------------------------------------------
Starting RTL Elaboration : Time (s): cpu = 00:00:04 ; elapsed = 00:00:06 . Memory (MB): peak = 1896.551 ; gain = 201.715 ; free physical = 210 ; free virtual = 5134
---------------------------------------------------------------------------------
WARNING: [Synth 8-1565] actual for formal port red_in is neither a static name nor a globally static expression [/home/steve/Software/VHDL/L6/video_game_pong/video_game_pong.srcs/sources_1/new/pong.vhd:114]
WARNING: [Synth 8-1565] actual for formal port green_in is neither a static name nor a globally static expression [/home/steve/Software/VHDL/L6/video_game_pong/video_game_pong.srcs/sources_1/new/pong.vhd:115]
WARNING: [Synth 8-1565] actual for formal port blue_in is neither a static name nor a globally static expression [/home/steve/Software/VHDL/L6/video_game_pong/video_game_pong.srcs/sources_1/new/pong.vhd:116]
INFO: [Synth 8-638] synthesizing module 'pong' [/home/steve/Software/VHDL/L6/video_game_pong/video_game_pong.srcs/sources_1/new/pong.vhd:21]
INFO: [Synth 8-3491] module 'adc_if' declared at '/home/steve/Software/VHDL/L6/video_game_pong/video_game_pong.srcs/sources_1/new/adc_if.vhd:5' bound to instance 'adc' of component 'adc_if' [/home/steve/Software/VHDL/L6/video_game_pong/video_game_pong.srcs/sources_1/new/pong.vhd:91]
INFO: [Synth 8-638] synthesizing module 'adc_if' [/home/steve/Software/VHDL/L6/video_game_pong/video_game_pong.srcs/sources_1/new/adc_if.vhd:15]
INFO: [Synth 8-256] done synthesizing module 'adc_if' (1#1) [/home/steve/Software/VHDL/L6/video_game_pong/video_game_pong.srcs/sources_1/new/adc_if.vhd:15]
INFO: [Synth 8-3491] module 'bat_n_ball' declared at '/home/steve/Software/VHDL/L6/video_game_pong/video_game_pong.srcs/sources_1/new/bat_n_ball.vhd:6' bound to instance 'add_bb' of component 'bat_n_ball' [/home/steve/Software/VHDL/L6/video_game_pong/video_game_pong.srcs/sources_1/new/pong.vhd:100]
INFO: [Synth 8-638] synthesizing module 'bat_n_ball' [/home/steve/Software/VHDL/L6/video_game_pong/video_game_pong.srcs/sources_1/new/bat_n_ball.vhd:19]
WARNING: [Synth 8-614] signal 'game_on' is read in the process but is not in the sensitivity list [/home/steve/Software/VHDL/L6/video_game_pong/video_game_pong.srcs/sources_1/new/bat_n_ball.vhd:41]
WARNING: [Synth 8-6014] Unused sequential element temp_reg was removed.  [/home/steve/Software/VHDL/L6/video_game_pong/video_game_pong.srcs/sources_1/new/bat_n_ball.vhd:104]
INFO: [Synth 8-256] done synthesizing module 'bat_n_ball' (2#1) [/home/steve/Software/VHDL/L6/video_game_pong/video_game_pong.srcs/sources_1/new/bat_n_ball.vhd:19]
INFO: [Synth 8-3491] module 'vga_sync' declared at '/home/steve/Software/VHDL/L6/video_game_pong/video_game_pong.srcs/sources_1/new/vga_sync.vhd:5' bound to instance 'vga_driver' of component 'vga_sync' [/home/steve/Software/VHDL/L6/video_game_pong/video_game_pong.srcs/sources_1/new/pong.vhd:111]
INFO: [Synth 8-638] synthesizing module 'vga_sync' [/home/steve/Software/VHDL/L6/video_game_pong/video_game_pong.srcs/sources_1/new/vga_sync.vhd:21]
WARNING: [Synth 8-6014] Unused sequential element video_on_reg was removed.  [/home/steve/Software/VHDL/L6/video_game_pong/video_game_pong.srcs/sources_1/new/vga_sync.vhd:66]
INFO: [Synth 8-256] done synthesizing module 'vga_sync' (3#1) [/home/steve/Software/VHDL/L6/video_game_pong/video_game_pong.srcs/sources_1/new/vga_sync.vhd:21]
INFO: [Synth 8-3491] module 'clk_wiz_0' declared at '/home/steve/Software/VHDL/L6/video_game_pong/video_game_pong.srcs/sources_1/new/clk_wiz_0.vhd:10' bound to instance 'clk_wiz_0_inst' of component 'clk_wiz_0' [/home/steve/Software/VHDL/L6/video_game_pong/video_game_pong.srcs/sources_1/new/pong.vhd:127]
INFO: [Synth 8-638] synthesizing module 'clk_wiz_0' [/home/steve/Software/VHDL/L6/video_game_pong/video_game_pong.srcs/sources_1/new/clk_wiz_0.vhd:19]
INFO: [Synth 8-3491] module 'clk_wiz_0_clk_wiz' declared at '/home/steve/Software/VHDL/L6/video_game_pong/video_game_pong.srcs/sources_1/new/clk_wiz_0_clk_wiz.vhd:10' bound to instance 'U0' of component 'clk_wiz_0_clk_wiz' [/home/steve/Software/VHDL/L6/video_game_pong/video_game_pong.srcs/sources_1/new/clk_wiz_0.vhd:34]
INFO: [Synth 8-638] synthesizing module 'clk_wiz_0_clk_wiz' [/home/steve/Software/VHDL/L6/video_game_pong/video_game_pong.srcs/sources_1/new/clk_wiz_0_clk_wiz.vhd:19]
	Parameter BANDWIDTH bound to: OPTIMIZED - type: string 
	Parameter CLKFBOUT_MULT_F bound to: 10.125000 - type: double 
	Parameter CLKFBOUT_PHASE bound to: 0.000000 - type: double 
	Parameter CLKFBOUT_USE_FINE_PS bound to: 0 - type: bool 
	Parameter CLKIN1_PERIOD bound to: 10.000000 - type: double 
	Parameter CLKIN2_PERIOD bound to: 0.000000 - type: double 
	Parameter CLKOUT0_DIVIDE_F bound to: 25.312500 - type: double 
	Parameter CLKOUT0_DUTY_CYCLE bound to: 0.500000 - type: double 
	Parameter CLKOUT0_PHASE bound to: 0.000000 - type: double 
	Parameter CLKOUT0_USE_FINE_PS bound to: 0 - type: bool 
	Parameter CLKOUT1_DIVIDE bound to: 1 - type: integer 
	Parameter CLKOUT1_DUTY_CYCLE bound to: 0.500000 - type: double 
	Parameter CLKOUT1_PHASE bound to: 0.000000 - type: double 
	Parameter CLKOUT1_USE_FINE_PS bound to: 0 - type: bool 
	Parameter CLKOUT2_DIVIDE bound to: 1 - type: integer 
	Parameter CLKOUT2_DUTY_CYCLE bound to: 0.500000 - type: double 
	Parameter CLKOUT2_PHASE bound to: 0.000000 - type: double 
	Parameter CLKOUT2_USE_FINE_PS bound to: 0 - type: bool 
	Parameter CLKOUT3_DIVIDE bound to: 1 - type: integer 
	Parameter CLKOUT3_DUTY_CYCLE bound to: 0.500000 - type: double 
	Parameter CLKOUT3_PHASE bound to: 0.000000 - type: double 
	Parameter CLKOUT3_USE_FINE_PS bound to: 0 - type: bool 
	Parameter CLKOUT4_CASCADE bound to: 0 - type: bool 
	Parameter CLKOUT4_DIVIDE bound to: 1 - type: integer 
	Parameter CLKOUT4_DUTY_CYCLE bound to: 0.500000 - type: double 
	Parameter CLKOUT4_PHASE bound to: 0.000000 - type: double 
	Parameter CLKOUT4_USE_FINE_PS bound to: 0 - type: bool 
	Parameter CLKOUT5_DIVIDE bound to: 1 - type: integer 
	Parameter CLKOUT5_DUTY_CYCLE bound to: 0.500000 - type: double 
	Parameter CLKOUT5_PHASE bound to: 0.000000 - type: double 
	Parameter CLKOUT5_USE_FINE_PS bound to: 0 - type: bool 
	Parameter CLKOUT6_DIVIDE bound to: 1 - type: integer 
	Parameter CLKOUT6_DUTY_CYCLE bound to: 0.500000 - type: double 
	Parameter CLKOUT6_PHASE bound to: 0.000000 - type: double 
	Parameter CLKOUT6_USE_FINE_PS bound to: 0 - type: bool 
	Parameter COMPENSATION bound to: ZHOLD - type: string 
	Parameter DIVCLK_DIVIDE bound to: 1 - type: integer 
	Parameter IS_CLKINSEL_INVERTED bound to: 1'b0 
	Parameter IS_PSEN_INVERTED bound to: 1'b0 
	Parameter IS_PSINCDEC_INVERTED bound to: 1'b0 
	Parameter IS_PWRDWN_INVERTED bound to: 1'b0 
	Parameter IS_RST_INVERTED bound to: 1'b0 
	Parameter REF_JITTER1 bound to: 0.010000 - type: double 
	Parameter REF_JITTER2 bound to: 0.000000 - type: double 
	Parameter SS_EN bound to: FALSE - type: string 
	Parameter SS_MODE bound to: CENTER_HIGH - type: string 
	Parameter SS_MOD_PERIOD bound to: 10000 - type: integer 
	Parameter STARTUP_WAIT bound to: 0 - type: bool 
INFO: [Synth 8-113] binding component instance 'mmcm_adv_inst' to cell 'MMCME2_ADV' [/home/steve/Software/VHDL/L6/video_game_pong/video_game_pong.srcs/sources_1/new/clk_wiz_0_clk_wiz.vhd:61]
INFO: [Synth 8-113] binding component instance 'clkf_buf' to cell 'BUFG' [/home/steve/Software/VHDL/L6/video_game_pong/video_game_pong.srcs/sources_1/new/clk_wiz_0_clk_wiz.vhd:123]
INFO: [Synth 8-113] binding component instance 'clkout1_buf' to cell 'BUFG' [/home/steve/Software/VHDL/L6/video_game_pong/video_game_pong.srcs/sources_1/new/clk_wiz_0_clk_wiz.vhd:130]
INFO: [Synth 8-256] done synthesizing module 'clk_wiz_0_clk_wiz' (4#1) [/home/steve/Software/VHDL/L6/video_game_pong/video_game_pong.srcs/sources_1/new/clk_wiz_0_clk_wiz.vhd:19]
INFO: [Synth 8-256] done synthesizing module 'clk_wiz_0' (5#1) [/home/steve/Software/VHDL/L6/video_game_pong/video_game_pong.srcs/sources_1/new/clk_wiz_0.vhd:19]
INFO: [Synth 8-256] done synthesizing module 'pong' (6#1) [/home/steve/Software/VHDL/L6/video_game_pong/video_game_pong.srcs/sources_1/new/pong.vhd:21]
---------------------------------------------------------------------------------
Finished RTL Elaboration : Time (s): cpu = 00:00:05 ; elapsed = 00:00:08 . Memory (MB): peak = 1955.301 ; gain = 260.465 ; free physical = 238 ; free virtual = 5166
---------------------------------------------------------------------------------

Report Check Netlist: 
+------+------------------+-------+---------+-------+------------------+
|      |Item              |Errors |Warnings |Status |Description       |
+------+------------------+-------+---------+-------+------------------+
|1     |multi_driven_nets |      0|        0|Passed |Multi driven nets |
+------+------------------+-------+---------+-------+------------------+
---------------------------------------------------------------------------------
Start Handling Custom Attributes
---------------------------------------------------------------------------------
---------------------------------------------------------------------------------
Finished Handling Custom Attributes : Time (s): cpu = 00:00:05 ; elapsed = 00:00:09 . Memory (MB): peak = 1959.270 ; gain = 264.434 ; free physical = 233 ; free virtual = 5161
---------------------------------------------------------------------------------
---------------------------------------------------------------------------------
Finished RTL Optimization Phase 1 : Time (s): cpu = 00:00:05 ; elapsed = 00:00:09 . Memory (MB): peak = 1959.270 ; gain = 264.434 ; free physical = 233 ; free virtual = 5161
---------------------------------------------------------------------------------
Netlist sorting complete. Time (s): cpu = 00:00:00.01 ; elapsed = 00:00:00.02 . Memory (MB): peak = 1971.176 ; gain = 0.000 ; free physical = 225 ; free virtual = 5153
INFO: [Netlist 29-17] Analyzing 1 Unisim elements for replacement
INFO: [Netlist 29-28] Unisim Transformation completed in 0 CPU seconds
INFO: [Project 1-570] Preparing netlist for logic optimization

Processing XDC Constraints
Initializing timing engine
Parsing XDC File [/home/steve/Software/VHDL/L6/video_game_pong/video_game_pong.srcs/constrs_1/new/pong.xdc]
Finished Parsing XDC File [/home/steve/Software/VHDL/L6/video_game_pong/video_game_pong.srcs/constrs_1/new/pong.xdc]
INFO: [Project 1-236] Implementation specific constraints were found while reading constraint file [/home/steve/Software/VHDL/L6/video_game_pong/video_game_pong.srcs/constrs_1/new/pong.xdc]. These constraints will be ignored for synthesis but will be used in implementation. Impacted constraints are listed in the file [.Xil/pong_propImpl.xdc].
Resolution: To avoid this warning, move constraints listed in [.Xil/pong_propImpl.xdc] to another XDC file and exclude this new file from synthesis with the used_in_synthesis property (File Properties dialog in GUI) and re-run elaboration/synthesis.
INFO: [Timing 38-2] Deriving generated clocks
Completed Processing XDC Constraints

Netlist sorting complete. Time (s): cpu = 00:00:00 ; elapsed = 00:00:00 . Memory (MB): peak = 2126.020 ; gain = 0.000 ; free physical = 138 ; free virtual = 5070
INFO: [Project 1-111] Unisim Transformation Summary:
No Unisim elements were transformed.

Constraint Validation Runtime : Time (s): cpu = 00:00:00.01 ; elapsed = 00:00:00.03 . Memory (MB): peak = 2126.020 ; gain = 0.000 ; free physical = 138 ; free virtual = 5070
---------------------------------------------------------------------------------
Finished Constraint Validation : Time (s): cpu = 00:00:11 ; elapsed = 00:00:17 . Memory (MB): peak = 2126.020 ; gain = 431.184 ; free physical = 218 ; free virtual = 5150
---------------------------------------------------------------------------------
---------------------------------------------------------------------------------
Start Loading Part and Timing Information
---------------------------------------------------------------------------------
Loading part: xc7a100tcsg324-1
---------------------------------------------------------------------------------
Finished Loading Part and Timing Information : Time (s): cpu = 00:00:11 ; elapsed = 00:00:17 . Memory (MB): peak = 2126.020 ; gain = 431.184 ; free physical = 218 ; free virtual = 5150
---------------------------------------------------------------------------------
---------------------------------------------------------------------------------
Start Applying 'set_property' XDC Constraints
---------------------------------------------------------------------------------
---------------------------------------------------------------------------------
Finished applying 'set_property' XDC Constraints : Time (s): cpu = 00:00:11 ; elapsed = 00:00:17 . Memory (MB): peak = 2126.020 ; gain = 431.184 ; free physical = 218 ; free virtual = 5150
---------------------------------------------------------------------------------
INFO: [Synth 8-5818] HDL ADVISOR - The operator resource <adder> is shared. To prevent sharing consider applying a KEEP on the output of the operator [/home/steve/Software/VHDL/L6/video_game_pong/video_game_pong.srcs/sources_1/new/bat_n_ball.vhd:49]
INFO: [Synth 8-5818] HDL ADVISOR - The operator resource <adder> is shared. To prevent sharing consider applying a KEEP on the output of the operator [/home/steve/Software/VHDL/L6/video_game_pong/video_game_pong.srcs/sources_1/new/bat_n_ball.vhd:44]
---------------------------------------------------------------------------------
Finished RTL Optimization Phase 2 : Time (s): cpu = 00:00:11 ; elapsed = 00:00:18 . Memory (MB): peak = 2126.020 ; gain = 431.184 ; free physical = 210 ; free virtual = 5143
---------------------------------------------------------------------------------

Report RTL Partitions: 
+-+--------------+------------+----------+
| |RTL Partition |Replication |Instances |
+-+--------------+------------+----------+
+-+--------------+------------+----------+
---------------------------------------------------------------------------------
Start RTL Component Statistics 
---------------------------------------------------------------------------------
Detailed RTL Component Info : 
+---Adders : 
	   2 Input     12 Bit       Adders := 2     
	   2 Input     11 Bit       Adders := 10    
	   3 Input     11 Bit       Adders := 2     
	   2 Input     10 Bit       Adders := 2     
+---Registers : 
	               12 Bit    Registers := 4     
	               11 Bit    Registers := 8     
	               10 Bit    Registers := 1     
	                4 Bit    Registers := 3     
	                1 Bit    Registers := 3     
+---Muxes : 
	   2 Input     11 Bit        Muxes := 6     
	   5 Input     11 Bit        Muxes := 1     
	   3 Input     11 Bit        Muxes := 2     
	   2 Input      4 Bit        Muxes := 3     
	   2 Input      2 Bit        Muxes := 1     
---------------------------------------------------------------------------------
Finished RTL Component Statistics 
---------------------------------------------------------------------------------
---------------------------------------------------------------------------------
Start RTL Hierarchical Component Statistics 
---------------------------------------------------------------------------------
Hierarchical RTL Component report 
Module pong 
Detailed RTL Component Info : 
+---Adders : 
	   2 Input     10 Bit       Adders := 2     
+---Registers : 
	               10 Bit    Registers := 1     
Module adc_if 
Detailed RTL Component Info : 
+---Registers : 
	               12 Bit    Registers := 4     
Module bat_n_ball 
Detailed RTL Component Info : 
+---Adders : 
	   2 Input     12 Bit       Adders := 2     
	   2 Input     11 Bit       Adders := 8     
	   3 Input     11 Bit       Adders := 2     
+---Registers : 
	               11 Bit    Registers := 4     
	                1 Bit    Registers := 1     
+---Muxes : 
	   2 Input     11 Bit        Muxes := 6     
	   5 Input     11 Bit        Muxes := 1     
	   3 Input     11 Bit        Muxes := 2     
	   2 Input      2 Bit        Muxes := 1     
Module vga_sync 
Detailed RTL Component Info : 
+---Adders : 
	   2 Input     11 Bit       Adders := 2     
+---Registers : 
	               11 Bit    Registers := 4     
	                4 Bit    Registers := 3     
	                1 Bit    Registers := 2     
+---Muxes : 
	   2 Input      4 Bit        Muxes := 3     
---------------------------------------------------------------------------------
Finished RTL Hierarchical Component Statistics
---------------------------------------------------------------------------------
---------------------------------------------------------------------------------
Start Part Resource Summary
---------------------------------------------------------------------------------
Part Resources:
DSPs: 240 (col length:80)
BRAMs: 270 (col length: RAMB18 80 RAMB36 40)
---------------------------------------------------------------------------------
Finished Part Resource Summary
---------------------------------------------------------------------------------
---------------------------------------------------------------------------------
Start Cross Boundary and Area Optimization
---------------------------------------------------------------------------------
Warning: Parallel synthesis criteria is not met 
DSP Report: Generating DSP add_bb/multOp, operation Mode is: A*B.
DSP Report: operator add_bb/multOp is absorbed into DSP add_bb/multOp.
DSP Report: Generating DSP add_bb/plusOp, operation Mode is: PCIN+A*B.
DSP Report: operator add_bb/plusOp is absorbed into DSP add_bb/plusOp.
DSP Report: operator add_bb/multOp is absorbed into DSP add_bb/plusOp.
WARNING: [Synth 8-3331] design pong has unconnected port ADC_SDATA1
INFO: [Synth 8-3333] propagating constant 0 across sequential element (\add_bb/ball_x_motion_reg[0] )
INFO: [Synth 8-3333] propagating constant 1 across sequential element (\add_bb/ball_x_motion_reg[1] )
INFO: [Synth 8-3886] merging instance 'add_bb/ball_x_motion_reg[3]' (FDSE) to 'add_bb/ball_x_motion_reg[10]'
INFO: [Synth 8-3886] merging instance 'add_bb/ball_x_motion_reg[4]' (FDSE) to 'add_bb/ball_x_motion_reg[10]'
INFO: [Synth 8-3886] merging instance 'add_bb/ball_x_motion_reg[5]' (FDSE) to 'add_bb/ball_x_motion_reg[10]'
INFO: [Synth 8-3886] merging instance 'add_bb/ball_x_motion_reg[6]' (FDSE) to 'add_bb/ball_x_motion_reg[10]'
INFO: [Synth 8-3886] merging instance 'add_bb/ball_x_motion_reg[7]' (FDSE) to 'add_bb/ball_x_motion_reg[10]'
INFO: [Synth 8-3886] merging instance 'add_bb/ball_x_motion_reg[8]' (FDSE) to 'add_bb/ball_x_motion_reg[10]'
INFO: [Synth 8-3886] merging instance 'add_bb/ball_x_motion_reg[9]' (FDSE) to 'add_bb/ball_x_motion_reg[10]'
INFO: [Synth 8-3333] propagating constant 0 across sequential element (\add_bb/ball_y_motion_reg[0] )
INFO: [Synth 8-3333] propagating constant 1 across sequential element (\add_bb/ball_y_motion_reg[1] )
INFO: [Synth 8-3886] merging instance 'add_bb/ball_y_motion_reg[3]' (FDSE) to 'add_bb/ball_y_motion_reg[4]'
INFO: [Synth 8-3886] merging instance 'add_bb/ball_y_motion_reg[4]' (FDSE) to 'add_bb/ball_y_motion_reg[5]'
INFO: [Synth 8-3886] merging instance 'add_bb/ball_y_motion_reg[5]' (FDSE) to 'add_bb/ball_y_motion_reg[6]'
INFO: [Synth 8-3886] merging instance 'add_bb/ball_y_motion_reg[6]' (FDSE) to 'add_bb/ball_y_motion_reg[7]'
INFO: [Synth 8-3886] merging instance 'add_bb/ball_y_motion_reg[7]' (FDSE) to 'add_bb/ball_y_motion_reg[8]'
INFO: [Synth 8-3886] merging instance 'add_bb/ball_y_motion_reg[8]' (FDSE) to 'add_bb/ball_y_motion_reg[9]'
INFO: [Synth 8-3886] merging instance 'add_bb/ball_y_motion_reg[9]' (FDSE) to 'add_bb/ball_y_motion_reg[10]'
INFO: [Synth 8-3886] merging instance 'vga_driver/blue_out_reg[0]' (FD) to 'vga_driver/blue_out_reg[2]'
INFO: [Synth 8-3886] merging instance 'vga_driver/blue_out_reg[1]' (FD) to 'vga_driver/blue_out_reg[2]'
INFO: [Synth 8-3886] merging instance 'vga_driver/blue_out_reg[2]' (FD) to 'vga_driver/green_out_reg[2]'
INFO: [Synth 8-3886] merging instance 'vga_driver/green_out_reg[0]' (FD) to 'vga_driver/green_out_reg[2]'
INFO: [Synth 8-3886] merging instance 'vga_driver/green_out_reg[1]' (FD) to 'vga_driver/green_out_reg[2]'
INFO: [Synth 8-3886] merging instance 'vga_driver/green_out_reg[2]' (FD) to 'vga_driver/red_out_reg[2]'
INFO: [Synth 8-3886] merging instance 'vga_driver/red_out_reg[0]' (FD) to 'vga_driver/red_out_reg[2]'
INFO: [Synth 8-3886] merging instance 'vga_driver/red_out_reg[1]' (FD) to 'vga_driver/red_out_reg[2]'
INFO: [Synth 8-3333] propagating constant 0 across sequential element (\vga_driver/red_out_reg[2] )
INFO: [Synth 8-3333] propagating constant 0 across sequential element (\add_bb/ball_x_reg[0] )
INFO: [Synth 8-3333] propagating constant 0 across sequential element (\add_bb/ball_y_reg[0] )
INFO: [Synth 8-3886] merging instance 'vga_driver/blue_out_reg[3]' (FD) to 'vga_driver/green_out_reg[3]'
---------------------------------------------------------------------------------
Finished Cross Boundary and Area Optimization : Time (s): cpu = 00:00:13 ; elapsed = 00:00:20 . Memory (MB): peak = 2126.020 ; gain = 431.184 ; free physical = 190 ; free virtual = 5131
---------------------------------------------------------------------------------
---------------------------------------------------------------------------------
Start ROM, RAM, DSP and Shift Register Reporting
---------------------------------------------------------------------------------

DSP: Preliminary Mapping	Report (see note below)
+------------+-------------+--------+--------+--------+--------+--------+------+------+------+------+-------+------+------+
|Module Name | DSP Mapping | A Size | B Size | C Size | D Size | P Size | AREG | BREG | CREG | DREG | ADREG | MREG | PREG | 
+------------+-------------+--------+--------+--------+--------+--------+------+------+------+------+-------+------+------+
|bat_n_ball  | A*B         | 11     | 11     | -      | -      | 22     | 0    | 0    | -    | -    | -     | 0    | 0    | 
|bat_n_ball  | PCIN+A*B    | 11     | 11     | -      | -      | 22     | 0    | 0    | -    | -    | -     | 0    | 0    | 
+------------+-------------+--------+--------+--------+--------+--------+------+------+------+------+-------+------+------+

Note: The table above is a preliminary report that shows the DSPs inferred at the current stage of the synthesis flow. Some DSP may be reimplemented as non DSP primitives later in the synthesis flow. Multiple instantiated DSPs are reported only once.
---------------------------------------------------------------------------------
Finished ROM, RAM, DSP and Shift Register Reporting
---------------------------------------------------------------------------------

Report RTL Partitions: 
+-+--------------+------------+----------+
| |RTL Partition |Replication |Instances |
+-+--------------+------------+----------+
+-+--------------+------------+----------+
---------------------------------------------------------------------------------
Start Applying XDC Timing Constraints
---------------------------------------------------------------------------------
---------------------------------------------------------------------------------
Finished Applying XDC Timing Constraints : Time (s): cpu = 00:00:20 ; elapsed = 00:00:28 . Memory (MB): peak = 2126.020 ; gain = 431.184 ; free physical = 138 ; free virtual = 4997
---------------------------------------------------------------------------------
---------------------------------------------------------------------------------
Start Timing Optimization
---------------------------------------------------------------------------------
---------------------------------------------------------------------------------
Finished Timing Optimization : Time (s): cpu = 00:00:20 ; elapsed = 00:00:28 . Memory (MB): peak = 2126.020 ; gain = 431.184 ; free physical = 150 ; free virtual = 4996
---------------------------------------------------------------------------------

Report RTL Partitions: 
+-+--------------+------------+----------+
| |RTL Partition |Replication |Instances |
+-+--------------+------------+----------+
+-+--------------+------------+----------+
---------------------------------------------------------------------------------
Start Technology Mapping
---------------------------------------------------------------------------------
---------------------------------------------------------------------------------
Finished Technology Mapping : Time (s): cpu = 00:00:21 ; elapsed = 00:00:29 . Memory (MB): peak = 2126.020 ; gain = 431.184 ; free physical = 152 ; free virtual = 4996
---------------------------------------------------------------------------------

Report RTL Partitions: 
+-+--------------+------------+----------+
| |RTL Partition |Replication |Instances |
+-+--------------+------------+----------+
+-+--------------+------------+----------+
---------------------------------------------------------------------------------
Start IO Insertion
---------------------------------------------------------------------------------
---------------------------------------------------------------------------------
Start Flattening Before IO Insertion
---------------------------------------------------------------------------------
---------------------------------------------------------------------------------
Finished Flattening Before IO Insertion
---------------------------------------------------------------------------------
---------------------------------------------------------------------------------
Start Final Netlist Cleanup
---------------------------------------------------------------------------------
---------------------------------------------------------------------------------
Finished Final Netlist Cleanup
---------------------------------------------------------------------------------
---------------------------------------------------------------------------------
Finished IO Insertion : Time (s): cpu = 00:00:24 ; elapsed = 00:00:32 . Memory (MB): peak = 2126.020 ; gain = 431.184 ; free physical = 153 ; free virtual = 4998
---------------------------------------------------------------------------------
---------------------------------------------------------------------------------
Start Renaming Generated Instances
---------------------------------------------------------------------------------
---------------------------------------------------------------------------------
Finished Renaming Generated Instances : Time (s): cpu = 00:00:24 ; elapsed = 00:00:32 . Memory (MB): peak = 2126.020 ; gain = 431.184 ; free physical = 153 ; free virtual = 4998
---------------------------------------------------------------------------------

Report RTL Partitions: 
+-+--------------+------------+----------+
| |RTL Partition |Replication |Instances |
+-+--------------+------------+----------+
+-+--------------+------------+----------+

Report Check Netlist: 
+------+------------------+-------+---------+-------+------------------+
|      |Item              |Errors |Warnings |Status |Description       |
+------+------------------+-------+---------+-------+------------------+
|1     |multi_driven_nets |      0|        0|Passed |Multi driven nets |
+------+------------------+-------+---------+-------+------------------+
---------------------------------------------------------------------------------
Start Rebuilding User Hierarchy
---------------------------------------------------------------------------------
---------------------------------------------------------------------------------
Finished Rebuilding User Hierarchy : Time (s): cpu = 00:00:24 ; elapsed = 00:00:32 . Memory (MB): peak = 2126.020 ; gain = 431.184 ; free physical = 153 ; free virtual = 4997
---------------------------------------------------------------------------------
---------------------------------------------------------------------------------
Start Renaming Generated Ports
---------------------------------------------------------------------------------
---------------------------------------------------------------------------------
Finished Renaming Generated Ports : Time (s): cpu = 00:00:24 ; elapsed = 00:00:32 . Memory (MB): peak = 2126.020 ; gain = 431.184 ; free physical = 153 ; free virtual = 4997
---------------------------------------------------------------------------------
---------------------------------------------------------------------------------
Start Handling Custom Attributes
---------------------------------------------------------------------------------
---------------------------------------------------------------------------------
Finished Handling Custom Attributes : Time (s): cpu = 00:00:24 ; elapsed = 00:00:32 . Memory (MB): peak = 2126.020 ; gain = 431.184 ; free physical = 153 ; free virtual = 4997
---------------------------------------------------------------------------------
---------------------------------------------------------------------------------
Start Renaming Generated Nets
---------------------------------------------------------------------------------
---------------------------------------------------------------------------------
Finished Renaming Generated Nets : Time (s): cpu = 00:00:24 ; elapsed = 00:00:32 . Memory (MB): peak = 2126.020 ; gain = 431.184 ; free physical = 153 ; free virtual = 4997
---------------------------------------------------------------------------------
---------------------------------------------------------------------------------
Start ROM, RAM, DSP and Shift Register Reporting
---------------------------------------------------------------------------------

Static Shift Register Report:
+------------+-------------------+--------+-------+--------------+--------------------+-------------------+--------+---------+
|Module Name | RTL Name          | Length | Width | Reset Signal | Pull out first Reg | Pull out last Reg | SRL16E | SRLC32E | 
+------------+-------------------+--------+-------+--------------+--------------------+-------------------+--------+---------+
|pong        | adc/pdata2_reg[3] | 4      | 1     | NO           | YES                | YES               | 1      | 0       | 
+------------+-------------------+--------+-------+--------------+--------------------+-------------------+--------+---------+

---------------------------------------------------------------------------------
Finished ROM, RAM, DSP and Shift Register Reporting
---------------------------------------------------------------------------------
---------------------------------------------------------------------------------
Start Writing Synthesis Report
---------------------------------------------------------------------------------

Report BlackBoxes: 
+-+--------------+----------+
| |BlackBox name |Instances |
+-+--------------+----------+
+-+--------------+----------+

Report Cell Usage: 
+------+-----------+------+
|      |Cell       |Count |
+------+-----------+------+
|1     |BUFG       |     3|
|2     |CARRY4     |    29|
|3     |DSP48E1    |     2|
|4     |LUT1       |    11|
|5     |LUT2       |    81|
|6     |LUT3       |    41|
|7     |LUT4       |    53|
|8     |LUT5       |    26|
|9     |LUT6       |    49|
|10    |MMCME2_ADV |     1|
|11    |SRL16E     |     1|
|12    |FDRE       |    97|
|13    |FDSE       |     5|
|14    |IBUF       |     3|
|15    |OBUF       |    16|
+------+-----------+------+

Report Instance Areas: 
+------+-----------------+------------------+------+
|      |Instance         |Module            |Cells |
+------+-----------------+------------------+------+
|1     |top              |                  |   418|
|2     |  adc            |adc_if            |    50|
|3     |  add_bb         |bat_n_ball        |   177|
|4     |  clk_wiz_0_inst |clk_wiz_0         |     3|
|5     |    U0           |clk_wiz_0_clk_wiz |     3|
|6     |  vga_driver     |vga_sync          |   146|
+------+-----------------+------------------+------+
---------------------------------------------------------------------------------
Finished Writing Synthesis Report : Time (s): cpu = 00:00:24 ; elapsed = 00:00:32 . Memory (MB): peak = 2126.020 ; gain = 431.184 ; free physical = 153 ; free virtual = 4997
---------------------------------------------------------------------------------
Synthesis finished with 0 errors, 0 critical warnings and 1 warnings.
Synthesis Optimization Runtime : Time (s): cpu = 00:00:22 ; elapsed = 00:00:28 . Memory (MB): peak = 2126.020 ; gain = 264.434 ; free physical = 221 ; free virtual = 5065
Synthesis Optimization Complete : Time (s): cpu = 00:00:24 ; elapsed = 00:00:32 . Memory (MB): peak = 2126.020 ; gain = 431.184 ; free physical = 221 ; free virtual = 5065
INFO: [Project 1-571] Translating synthesized netlist
Netlist sorting complete. Time (s): cpu = 00:00:00.01 ; elapsed = 00:00:00 . Memory (MB): peak = 2126.020 ; gain = 0.000 ; free physical = 214 ; free virtual = 5058
INFO: [Netlist 29-17] Analyzing 32 Unisim elements for replacement
INFO: [Netlist 29-28] Unisim Transformation completed in 0 CPU seconds
INFO: [Project 1-570] Preparing netlist for logic optimization
INFO: [Opt 31-138] Pushed 0 inverter(s) to 0 load pin(s).
Netlist sorting complete. Time (s): cpu = 00:00:00 ; elapsed = 00:00:00 . Memory (MB): peak = 2134.027 ; gain = 0.000 ; free physical = 154 ; free virtual = 5005
INFO: [Project 1-111] Unisim Transformation Summary:
No Unisim elements were transformed.

INFO: [Common 17-83] Releasing license: Synthesis
67 Infos, 7 Warnings, 0 Critical Warnings and 0 Errors encountered.
synth_design completed successfully
synth_design: Time (s): cpu = 00:00:32 ; elapsed = 00:00:42 . Memory (MB): peak = 2134.027 ; gain = 617.516 ; free physical = 362 ; free virtual = 5213
Netlist sorting complete. Time (s): cpu = 00:00:00 ; elapsed = 00:00:00 . Memory (MB): peak = 2134.027 ; gain = 0.000 ; free physical = 362 ; free virtual = 5213
WARNING: [Constraints 18-5210] No constraints selected for write.
Resolution: This message can indicate that there are no constraints for the design, or it can indicate that the used_in flags are set such that the constraints are ignored. This later case is used when running synth_design to not write synthesis constraints to the resulting checkpoint. Instead, project constraints are read when the synthesized design is opened.
INFO: [Common 17-1381] The checkpoint '/home/steve/Software/VHDL/L6/video_game_pong/video_game_pong.runs/synth_1/pong.dcp' has been generated.
INFO: [runtcl-4] Executing : report_utilization -file pong_utilization_synth.rpt -pb pong_utilization_synth.pb
INFO: [Common 17-206] Exiting Vivado at Tue May 12 23:23:13 2020...
